29-04-2020 21:31:29 - something wrong  в 
	/var/www/projectphp/functions/nav_bar.php:55
29-04-2020 21:32:55 - something wrong  в 
	/var/www/projectphp/functions/nav_bar.php:55
29-04-2020 22:23:52 - something wrong  в 
	/var/www/projectphp/functions/nav_bar.php:55
29-04-2020 22:48:05 - something wrong  в 
	/var/www/projectphp/functions/nav_bar.php:55
29-04-2020 22:50:04 - something wrong  в 
	/var/www/projectphp/functions/nav_bar.php:55
29-04-2020 22:51:17 - something wrong  в 
	/var/www/projectphp/functions/nav_bar.php:55
29-04-2020 23:01:48 - something wrong  в 
	/var/www/projectphp/functions/nav_bar.php:56
29-04-2020 23:02:38 - something wrong  in 
	/var/www/projectphp/functions/nav_bar.php:56
29-04-2020 23:39:44 - something wrong  in 
	/var/www/projectphp/functions/nav_bar.php:58
29-04-2020 23:41:34 - something wrong  in 
	/var/www/projectphp/functions/nav_bar.php:58
29-04-2020 23:41:42 - something wrong  in 
	/var/www/projectphp/functions/nav_bar.php:58
29-04-2020 23:46:29 - ебать беда  in 
	/var/www/projectphp/functions/nav_bar.php:58
29-04-2020 23:47:49 - error  in 
	/var/www/projectphp/functions/nav_bar.php:58
29-04-2020 23:52:00 - error  in 
	/var/www/projectphp/functions/nav_bar.php:58
29-04-2020 23:53:13 - error  in 
	/var/www/projectphp/functions/nav_bar.php:58
29-04-2020 23:54:26 - error  in 
	/var/www/projectphp/functions/nav_bar.php:58
30-04-2020 00:03:37 - error  in 
	/var/www/projectphp/functions/nav_bar.php:58
