1589597374|log|log
1589599097|log|usernotes
1589599287|usernotes|table
1589599302|table|table
1589599312|table|table
1589599350|table|table
1589599360|table|table
1589599367|table|calculator
1589599368|calculator|table
1589599372|table|table
1589599402|table|table
1589599424|table|table
1589599442|table|table
1589599532|table|calculator
1589599550|calculator|table
1589599551|table|calculator
1589599752|calculator|calculator
1589600233|calculator|calculator
1589600248|calculator|calculator
1589600259|calculator|calculator
1589600264|calculator|calculator
1589600274|calculator|calculator
1589600278|calculator|calculator
1589600422|calculator|table
1589600960|table|calculator
1589600963|calculator|home
1589601024|home|table
1589601026|table|oop
1589601028|oop|calculator
1589601029|calculator|usernotes
1589601030|usernotes|log
1589601033|log|info
1589601035|info|log
1589601035|log|usernotes
1589601037|usernotes|calculator
1589601038|calculator|log
1589601111|log|calculator
1589601112|calculator|usernotes
1589601113|usernotes|calculator
1589601154|home|table
1589601155|table|oop
1589601188|oop|article
1589601189|article|oop
1589601190|oop|table
1589601191|table|log
1589603477|calculator|home
1589603478|calculator|home
1589603479|calculator|home
1589604174|home|home
1589604192|home|home
1589604200|home|home
1589604795|home|home
1589604890|home|home
1589606398|table|log
1589686901|info|usernotes
1589686918|usernotes|usernotes
1589686919|usernotes|usernotes
1589687800||index
1589687933||index
1589688222||article
1589688223|article|table
1589688229|table|calculator
1589688232|calculator|table
1589688416|usernotes|calculator
1589688419|calculator|table
1589700105|table|home
1589700119|table|home
1589700135|table|home
1589709591||index
1589709630||index
1589709695||index
1589713101||article
1589713102|article|home
1589721159|article|home
1589778941|home|home
1589778995||index
1589792928||index
1589796456||index
1589796458||home
1589796461|home|article
1589796463|article|table
1589796464|table|calculator
1589796465|calculator|usernotes
1589796468|usernotes|usernotes
1589796470|usernotes|log
1589796476|log|info
1589862773||index
1589862775||info
1589864472||index
1589864474||table
1589864509|table|table
1589864524|table|table
1589864653|table|table
1589873421||index
1589873423||home
1589873425|home|article
1589873426|article|home
1589873459|home|home
1589873470|home|home
1589873510||index
1589873610|home|home
1589873661|home|home
1589873971|home|home
1589873985|home|home
1589874005|home|home
1589874037|home|home
1589874055|home|home
1589874841|home|home
1589878807|home|home
1589878807|home|home
1589878808|home|home
1589943790||index
1589944772||index
1589946694|home|home
1589946695|home|article
1589946697|article|article
1589946698|article|home
1589948424|home|article
1589948425|article|table
1589948426|table|oop
1589948428|oop|calculator
1589948431|calculator|usernotes
1589948437|usernotes|log
1589948439|log|info
1589948442|info|usernotes
1590066523||index
1590066532||usernotes
1590066549|usernotes|usernotes
1590066549|usernotes|usernotes
1590066560|usernotes|usernotes
1590066560|usernotes|usernotes
1590066575|usernotes|usernotes
1590066575|usernotes|usernotes
1590066603|usernotes|usernotes
1590066603|usernotes|usernotes
1590066615|usernotes|usernotes
1590066615|usernotes|usernotes
1590066735|usernotes|usernotes
1590066759|usernotes|usernotes
1590066779|usernotes|usernotes
1590066779|usernotes|usernotes
1590066812|usernotes|usernotes
1590066832|usernotes|usernotes
1590066832|usernotes|usernotes
1590066846|usernotes|usernotes
1590066846|usernotes|usernotes
1590066871|usernotes|usernotes
1590066871|usernotes|usernotes
1590066903|usernotes|usernotes
1590066916|usernotes|usernotes
1590067033|usernotes|usernotes
1590067099|usernotes|usernotes
1590067110|usernotes|usernotes
1590067152|usernotes|usernotes
1590067173|usernotes|usernotes
1590067187|usernotes|usernotes
1590068469|usernotes|usernotes
1590068504|usernotes|usernotes
1590068558|usernotes|usernotes
1590068590|usernotes|usernotes
1590068756|usernotes|usernotes
1590068766|usernotes|usernotes
1590068793|usernotes|usernotes
1590073540|usernotes|usernotes
1590073590|usernotes|usernotes
1590073705|usernotes|usernotes
1590073731|usernotes|usernotes
1590073762|usernotes|usernotes
1590073833|usernotes|usernotes
1590073861|usernotes|usernotes
1590073917|info|usernotes
1590073932|info|usernotes
1590074042|usernotes|usernotes
1590074129|info|usernotes
1590074161|info|usernotes
1590074170|info|usernotes
1590074179|info|usernotes
1590074248|info|usernotes
1590074257|info|usernotes
1590074266|info|usernotes
1590074301|info|usernotes
1590074308|info|usernotes
1590074351|info|usernotes
1590074367|info|usernotes
1590074374|info|usernotes
1590074396|info|usernotes
1590074424|info|usernotes
1590074590|info|usernotes
1590074593|info|usernotes
1590074620|info|usernotes
1590074646|info|usernotes
1590074666|info|usernotes
1590074668|info|usernotes
1590074670|info|usernotes
1590074696|info|usernotes
1590074697|info|usernotes
1590074698|info|usernotes
1590074699|info|usernotes
1590074714|info|usernotes
1590074715|info|usernotes
1590074720|info|usernotes
1590074729|info|usernotes
1590076969|info|usernotes
1590077004|info|usernotes
1590077066|info|usernotes
1590077076|info|usernotes
1590077089|info|usernotes
1590077121|info|usernotes
1590085623|usernotes|usernotes
1590085642|usernotes|usernotes
1590085663|usernotes|usernotes
1590085735|usernotes|usernotes
1590085777|usernotes|usernotes
1590085788|usernotes|usernotes
1590085811|usernotes|usernotes
1590085939|usernotes|usernotes
1590086290|usernotes|usernotes
1590086309|usernotes|usernotes
1590086543|usernotes|usernotes
1590086661|usernotes|usernotes
1590086675|usernotes|usernotes
1590086849|usernotes|usernotes
1590086873|usernotes|usernotes
1590086897|usernotes|usernotes
1590086911|usernotes|usernotes
1590086971|usernotes|usernotes
1590087019|usernotes|usernotes
1590087033|usernotes|usernotes
1590087093|usernotes|usernotes
1590087157|usernotes|usernotes
1590087186|usernotes|usernotes
1590087212|usernotes|usernotes
1590087341|usernotes|usernotes
1590087358|usernotes|usernotes
1590087483|usernotes|usernotes
1590087519|usernotes|usernotes
1590087550|usernotes|usernotes
1590087569|usernotes|usernotes
1590087717|usernotes|usernotes
1590087753|usernotes|usernotes
1590087788|usernotes|usernotes
1590087838|usernotes|usernotes
1590087908|usernotes|usernotes
1590087942|usernotes|usernotes
1590087943|usernotes|usernotes
1590088039|usernotes|usernotes
1590088055|usernotes|usernotes
1590088066|usernotes|usernotes
1590088094|usernotes|usernotes
1590088115|usernotes|usernotes
1590088152|usernotes|usernotes
1590088167|usernotes|usernotes
1590088196|usernotes|usernotes
1590088278|usernotes|usernotes
1590088324|usernotes|usernotes
1590088337|usernotes|usernotes
1590088381|usernotes|usernotes
1590088394|usernotes|usernotes
1590088459|usernotes|usernotes
1590088485|usernotes|usernotes
1590088604|usernotes|usernotes
1590088768|usernotes|usernotes
1590088837|usernotes|usernotes
1590088932|usernotes|usernotes
1590088942|usernotes|usernotes
1590088972|usernotes|usernotes
1590089085|usernotes|usernotes
1590089099|usernotes|usernotes
1590089671|usernotes|usernotes
1590089747|usernotes|usernotes
1590089932|usernotes|usernotes
1590089978|usernotes|usernotes
1590090025|usernotes|usernotes
1590090109|usernotes|usernotes
1590090141|usernotes|usernotes
1590090181|usernotes|usernotes
1590090237|usernotes|usernotes
1590090350|usernotes|usernotes
1590090425|usernotes|usernotes
1590090445|usernotes|usernotes
1590090447|usernotes|usernotes
1590090550|usernotes|usernotes
1590090566|usernotes|usernotes
1590090621|usernotes|usernotes
1590090704|usernotes|usernotes
1590090729|usernotes|usernotes
1590090783|usernotes|usernotes
1590090832|usernotes|usernotes
1590090855|usernotes|usernotes
1590090877|usernotes|usernotes
1590090878|usernotes|usernotes
1590090901|usernotes|usernotes
1590090907|usernotes|usernotes
1590090929|usernotes|usernotes
1590090949|usernotes|usernotes
1590090974|usernotes|usernotes
1590091001|usernotes|usernotes
1590091019|usernotes|usernotes
1590091044|usernotes|usernotes
1590091058|usernotes|usernotes
1590091123|usernotes|usernotes
1590091155|usernotes|usernotes
1590091250|usernotes|usernotes
1590091261|usernotes|usernotes
1590091350|usernotes|usernotes
1590091382|usernotes|usernotes
1590091398|usernotes|usernotes
1590091420|usernotes|usernotes
1590091429|usernotes|usernotes
1590091467|usernotes|usernotes
1590091568|usernotes|usernotes
1590091578|usernotes|usernotes
1590091640|usernotes|usernotes
1590091686|usernotes|usernotes
1590091718|usernotes|usernotes
1590091729|usernotes|usernotes
1590091787|usernotes|usernotes
1590091809|usernotes|usernotes
1590091877|usernotes|usernotes
1590092038|usernotes|usernotes
1590092093|usernotes|usernotes
1590092132|usernotes|usernotes
1590092134|usernotes|usernotes
1590092136|usernotes|usernotes
1590092138||usernotes
1590092139||usernotes
1590092154||usernotes
1590092161||usernotes
1590092371||usernotes
1590092461||usernotes
1590092516||usernotes
1590092547||usernotes
1590092573||usernotes
1590092725||usernotes
1590092756||usernotes
1590092771||usernotes
1590092839||usernotes
1590092850||usernotes
1590092924||usernotes
1590092956||usernotes
1590092982||usernotes
1590093016|info|usernotes
1590093171|info|usernotes
1590093188|info|usernotes
1590093201|info|usernotes
1590093219|info|usernotes
1590093236|info|usernotes
1590093255|info|usernotes
1590093482|info|usernotes
1590093504|info|usernotes
1590093546|info|usernotes
1590093675||usernotes
1590093696||usernotes
1590093812|info|usernotes
1590093814|info|usernotes
1590093833|info|usernotes
1590093926|info|usernotes
1590094054|info|usernotes
1590094085|info|usernotes
1590094112||usernotes
1590094166||usernotes
1590094171||usernotes
1590094399||usernotes
1590094416||usernotes
1590094432||usernotes
1590094466||usernotes
1590094506||usernotes
1590094549||usernotes
1590094602||usernotes
1590094656||usernotes
1590094658||usernotes
1590094664||usernotes
1590094692||usernotes
1590094764||usernotes
1590094800||usernotes
1590094816||usernotes
1590094848||usernotes
1590094880||usernotes
1590094931||usernotes
1590094965||usernotes
1590095028||usernotes
1590095467||usernotes
1590095473||usernotes
1590095538||usernotes
1590095561||usernotes
1590095743||usernotes
1590095758||usernotes
1590095760||usernotes
1590095770||usernotes
1590095948||usernotes
1590095973||usernotes
1590096048||usernotes
1590096050||usernotes
1590096107||usernotes
1590096128||usernotes
1590096435||usernotes
1590096438|usernotes|home
1590096442|home|home
1590096454|home|home
1590096455|home|home
1590096456|home|home
1590096472|home|home
1590096483|home|home
1590096502|home|home
1590096520|home|home
1590096539|home|home
1590096554|home|home
1590096564|home|home
1590096601|home|home
1590096611|home|home
1590096675|home|home
1590096677|home|home
1590096690|home|home
1590096711|home|home
1590096733|home|home
1590096734|home|home
1590096739|home|home
1590096744|home|home
1590096786|home|home
1590096787|home|home
1590096827|home|home
1590096828|home|home
1590096868|home|home
1590096879|home|home
1590096896|home|home
1590096910|home|home
1590096911|home|home
1590096937|home|home
1590096938|home|home
1590096953|home|home
1590096976|home|home
1590096977|home|home
1590098008|home|usernotes
1590098222|usernotes|home
1590098223|home|usernotes
1590098235|home|usernotes
1590098265|home|usernotes
1590098270|home|usernotes
1590098306|home|usernotes
1590098376|home|usernotes
1590098386|home|usernotes
1590098405|home|usernotes
1590098409|home|usernotes
1590098419|home|usernotes
1590098445|home|usernotes
1590098460|home|usernotes
1590098466|home|usernotes
1590098478|home|usernotes
1590098497|home|usernotes
1590098531|home|usernotes
1590098678|home|usernotes
1590098691|home|usernotes
1590099107|home|usernotes
1590099131|home|usernotes
1590099193|home|usernotes
1590099213|home|usernotes
1590099234|home|usernotes
1590099254|home|usernotes
1590099281|home|usernotes
1590099289|home|usernotes
1590099294|home|usernotes
1590099332|home|usernotes
1590099357|home|usernotes
1590099468|home|usernotes
1590099482|home|usernotes
1590099517|home|usernotes
1590099544|home|usernotes
1590099679|home|usernotes
1590099695|home|usernotes
1590099696|home|usernotes
1590100830|home|usernotes
1590100881|home|usernotes
1590100892|info|usernotes
1590100968|home|usernotes
1590100983|home|usernotes
1590101012|home|usernotes
1590101016|home|usernotes
1590101020|home|usernotes
1590101050|home|usernotes
1590101135|home|usernotes
1590101181|home|usernotes
1590101188|home|usernotes
1590101197|home|usernotes
1590101310|home|usernotes
1590101322|home|usernotes
1590101334|home|usernotes
1590101436|home|usernotes
1590101445|home|usernotes
1590101496|home|usernotes
1590101764|home|usernotes
1590101777|home|usernotes
1590101787|home|usernotes
1590101792|home|usernotes
1590101804|home|usernotes
1590101941|home|usernotes
1590101954|usernotes|index
1590102012|home|usernotes
1590102103|home|usernotes
1590102115|home|usernotes
1590102125|home|usernotes
1590102237|home|usernotes
1590102247|home|usernotes
1590102282|home|usernotes
1590102352|home|usernotes
1590102440|home|usernotes
1590102454|home|usernotes
1590102467|home|usernotes
1590102471|usernotes|index
1590102512|home|usernotes
1590102599|usernotes|info
1590102646|home|usernotes
1590102653|home|usernotes
1590102662|home|usernotes
1590102742|home|usernotes
1590102851|home|usernotes
1590102957|usernotes|calculator
1590102958|calculator|usernotes
1590103018|usernotes|home
1590103019|home|article
1590103020|article|home
1590103108|home|usernotes
1590103155|home|usernotes
1590103268|home|usernotes
1590103323|usernotes|usernotes
1590103325|usernotes|calculator
1590103326|calculator|usernotes
1590103358|calculator|usernotes
1590103409|usernotes|usernotes
1590103470|usernotes|usernotes
1590103774|usernotes|usernotes
1590103791|usernotes|usernotes
1590155632|info|usernotes
1590156070|usernotes|usernotes
1590156086|usernotes&page=1|usernotes
1590156090|usernotes&page=1&page=1|usernotes
1590156097|usernotes&page=1&page=1&page=2|usernotes
1590156100|usernotes&page=1&page=1&page=2&page=3|usernotes
1590156132||usernotes
1590156172|usernotes&page=1|usernotes
1590156269|usernotes&page=1|usernotes
1590156272|usernotes&page=1&page=1|usernotes
1590156304|usernotes|usernotes
1590156372|usernotes|usernotes
1590156382|usernotes&page=2|usernotes
1590156386|usernotes&page=2&page=2|usernotes
1590156392|usernotes&page=2&page=2&page=3|usernotes
1590156412|usernotes&page=2&page=2&page=3&page=4|usernotes
1590156415|usernotes&page=2&page=2&page=3&page=4&page=1|usernotes
1590156421|usernotes|usernotes
1590156454|usernotes|usernotes
1590156462|usernotes&page=2|usernotes
1590156533|usernotes&page=2|usernotes
1590156564|usernotes&page=2|usernotes
1590156602|usernotes&page=2|usernotes
1590156606|usernotes&page=2&page=1|usernotes
1590156610|usernotes|usernotes
1590156617|usernotes&page=2|usernotes
1590156641|usernotes&page=2&page=3|usernotes
1590156658|usernotes&page=2&page=3&page=4|usernotes
1590156662|usernotes&page=2&page=3&page=4&page=1|usernotes
1590156670|usernotes&page=2&page=3&page=4&page=1?page=4|usernotes
1590156673|usernotes&page=2&page=3&page=4&page=1?page=4?page=4|usernotes
1590156679|usernotes&page=2&page=3&page=4&page=1?page=4?page=4?page=4|usernotes
1590156714|usernotes|usernotes?page=2
1590156727|usernotes?page=2|usernotes
1590156731|usernotes|usernotes
1590156735|usernotes&page=2|usernotes
1590156738|usernotes&page=2?page=3|usernotes
1590156746|usernotes&page=2?page=3?page=4|usernotes
1590156835|usernotes&page=2?page=3?page=4?page=4|usernotes
1590156838|usernotes|usernotes
1590156859|usernotes&page=2|usernotes
1590156862|usernotes&page=2&page=1|usernotes
1590156866|usernotes|usernotes
1590156870|usernotes&page=1|usernotes
1590156912|usernotes&page=1|usernotes
1590156920|usernotes&page=1|usernotes
1590156983|usernotes&page=1&page=1|calculator
1590156985|calculator|usernotes
1590157001|calculator|usernotes
1590157002|usernotes|calculator
1590157003|calculator|usernotes
1590157092|usernotes|usernotes
1590157098|usernotes&page=2|usernotes
1590157108|usernotes&page=2&page=1|usernotes
1590157112|usernotes|usernotes
1590157326|usernotes&page=2|usernotes
1590157374||usernotes
1590157454|usernotes|usernotes
1590157465|usernotes&page=2|usernotes
1590157680|usernotes&page=2&page=1|usernotes
1590157686|usernotes|usernotes
1590157690|usernotes&page=2|usernotes
1590158069|usernotes&page=2|usernotes
1590158102|usernotes&page=2|usernotes
1590158126|usernotes&page=2|usernotes
1590158140|usernotes&page=2|usernotes
1590158174|usernotes&page=2&page=3|usernotes
1590158185|usernotes&page=2&page=3|usernotes
1590158195|usernotes&page=2&page=3&page=2|usernotes
1590158201|usernotes&page=2&page=3&page=2&page=1|usernotes
1590158208|usernotes&page=2&page=3&page=2&page=1&page=2|usernotes
1590158211|usernotes&page=2&page=3&page=2&page=1&page=2&page=3|usernotes
1590158215|usernotes&page=2&page=3&page=2&page=1&page=2&page=3&page=4|usernotes
1590158221|usernotes&page=2&page=3&page=2&page=1&page=2&page=3&page=4&page=5|usernotes
1590158340|usernotes|usernotes
1590158344|usernotes|usernotes
1590158348|usernotes&page=2|usernotes
1590158350|usernotes&page=2&page=1|usernotes
1590158353|usernotes|usernotes
1590158356|usernotes&page=3|usernotes
1590158361|usernotes&page=3|usernotes
1590158370|usernotes&page=3|usernotes
1590158460|usernotes&page=3|usernotes
1590158470|usernotes&page=3&page=2|usernotes
1590158471|usernotes&page=3&page=2&page=3|usernotes
1590158474|usernotes&page=3&page=2&page=3&page=4|usernotes
1590158477|usernotes&page=3&page=2&page=3&page=4&page=5|usernotes
1590158481|usernotes&page=3&page=2&page=3&page=4&page=5&page=4|usernotes
1590158483|usernotes&page=3&page=2&page=3&page=4&page=5&page=4&page=3|usernotes
1590158485|usernotes&page=3&page=2&page=3&page=4&page=5&page=4&page=3&page=2|usernotes
1590158487|usernotes&page=3&page=2&page=3&page=4&page=5&page=4&page=3&page=2&page=1|usernotes
1590158490|usernotes&page=3&page=2&page=3&page=4&page=5&page=4&page=3&page=2&page=1&page=2|usernotes
1590158492|usernotes&page=3&page=2&page=3&page=4&page=5&page=4&page=3&page=2&page=1&page=2&page=1|usernotes
1590158509||usernotes
1590158522||usernotes
1590158591|usernotes&page=5|usernotes
1590158593|usernotes&page=5&page=1|usernotes
1590158606|info|usernotes
1590158610|usernotes|usernotes2
1590158625|usernotes|usernotes3
1590158632|usernotes|usernotes4
1590158643|usernotes|usernotes5
1590158721|usernotes|usernotes2
1590158725|usernotes2|usernotes
1590158730|usernotes|usernotes
1590158783|usernotes&page=5|usernotes
1590158789|usernotes|usernotes
1590158792|usernotes&page=2|usernotes
1590201158|usernotes&page=2|calculator
1590201159|calculator|usernotes
1590201164|usernotes|usernotes
1590201168|usernotes&page=5|usernotes
1590201200|usernotes&page=5|usernotes
1590201216|usernotes&page=1|calculator
1590201218|calculator|usernotes
1590201222|usernotes|usernotes
1590201225|usernotes&page=4|usernotes
1590201228|usernotes&page=3|usernotes
1590202088|usernotes&page=2|usernotes
1590202113|usernotes|usernotes
1590202130|usernotes|usernotes
1590202134|usernotes|usernotes
1590202164|usernotes&page=2|usernotes
1590202166|usernotes&page=2&page=3|usernotes
1590202167|usernotes&page=2&page=3&page=4|usernotes
1590202176|usernotes&page=2&page=3&page=4&page=5|usernotes
1590202195|usernotes&page=4|usernotes
1590202211|usernotes&page=4&page=2|usernotes
1590202213|usernotes|usernotes
1590202215|usernotes&page=2|usernotes
1590202217|usernotes&page=2&page=4|usernotes
1590202218|usernotes&page=3|usernotes
1590202219|usernotes&page=2|usernotes
1590202509|usernotes&page=1|usernotes
1590202512|usernotes|usernotes
1590202514|usernotes&page=2|usernotes
1590202515|usernotes&page=3|usernotes
1590202516|usernotes&page=4|usernotes
1590202851|usernotes&page=5|usernotes
1590202892|usernotes|usernotes
1590202910|usernotes|usernotes
1590202928|usernotes|usernotes
1590202932|usernotes|usernotes
1590202934|usernotes&page=2|usernotes
1590202936|usernotes&page=3|usernotes
1590202938|usernotes&page=4|usernotes
1590202939|usernotes&page=5|usernotes
1590202940|usernotes&page=4|usernotes
1590202942|usernotes&page=3|usernotes
1590202943|usernotes&page=5|usernotes
1590202954|usernotes&page=1|usernotes
1590203071|usernotes&page=5|usernotes
1590203129|usernotes&page=1|usernotes
1590203145|usernotes&page=|usernotes
1590203149|usernotes&page=5|usernotes
1590203154|usernotes&page=1|usernotes
1590203157|usernotes&page=2|usernotes
1590203159|usernotes&page=|usernotes
1590203160|usernotes&page=3|usernotes
1590203161|usernotes&page=4|usernotes
1590203182|usernotes&page=5|article
1590203428|article|usernotes
1590203431|usernotes|usernotes
1590203433|usernotes&page=2|usernotes
1590203440|usernotes&page=1|usernotes
1590203444|usernotes&page=5|usernotes
1590203446|usernotes&page=4|usernotes
1590203447|usernotes&page=3|usernotes
1590203448|usernotes&page=2|usernotes
1590203457|usernotes&page=1|usernotes
1590203459|usernotes&page=2|usernotes
1590203460|usernotes&page=3|usernotes
1590203462|usernotes&page=4|usernotes
1590203468|usernotes&page=5|usernotes
1590203472|usernotes&page=4|usernotes
1590203474|usernotes&page=5|usernotes
1590203475|usernotes&page=3|usernotes
1590203534|usernotes&page=2|usernotes
1590203536|usernotes&page=3|usernotes
1590203575|usernotes&page=4|usernotes
1590203579|usernotes&page=3|usernotes
1590203580|usernotes&page=2|usernotes
1590203582|usernotes&page=1|usernotes
1590203584|usernotes&page=5|usernotes
1590203706|usernotes&page=1|usernotes
1590203876|usernotes|usernotes
1590203876|usernotes|usernotes
1590203879|usernotes|usernotes
1590203879|usernotes|usernotes
1590203952|usernotes|usernotes
1590203967|usernotes&page=4|usernotes
1590203969|usernotes&page=5|usernotes
1590203984|usernotes&page=4|usernotes
1590203986|usernotes&page=1|usernotes
1590203988|usernotes&page=2|usernotes
1590203989|usernotes&page=3|usernotes
1590203990|usernotes&page=4|usernotes
1590203992|usernotes&page=5|usernotes
1590203993|usernotes&page=4|usernotes
1590203994|usernotes&page=3|usernotes
1590204086|usernotes&page=2|log
1590204633|log|usernotes
1590204873|usernotes|usernotes
1590204875|usernotes&page=2|usernotes
1590204923|usernotes&page=1|usernotes
1590204925|usernotes|usernotes
1590204929|usernotes&page=2|usernotes
1590204930|usernotes&page=3|usernotes
1590204931|usernotes&page=4|usernotes
1590204932|usernotes&page=5|usernotes
1590205058|usernotes&page=1|usernotes
1590205059|usernotes&page=2|usernotes
1590205060|usernotes&page=3|usernotes
1590205062|usernotes&page=4|usernotes
1590205064|usernotes&page=5|usernotes
1590205093|usernotes&page=6|usernotes
1590205095|usernotes&page=2|usernotes
1590205096|usernotes&page=3|usernotes
1590205097|usernotes&page=4|usernotes
1590205099|usernotes&page=5|usernotes
1590205100|usernotes&page=1|usernotes
1590205103|usernotes&page=5|usernotes
1590205104|usernotes&page=4|usernotes
1590205106|usernotes&page=3|usernotes
1590205109|usernotes&page=4|usernotes
1590205110|usernotes&page=2|usernotes
1590205112|usernotes&page=1|usernotes
1590205114|usernotes&page=5|usernotes
1590205115|usernotes&page=1|usernotes
1590205117|usernotes&page=5|usernotes
1590205679|usernotes&page=1|usernotes
1590205793|usernotes&page=3|usernotes
1590205817|usernotes&page=4|usernotes
1590205819|usernotes&page=5|usernotes
1590205820|usernotes&page=4|usernotes
1590205821|usernotes&page=3|usernotes
1590205823|usernotes&page=2|usernotes
