1589597374|log|log
1589599097|log|usernotes
1589599287|usernotes|table
1589599302|table|table
1589599312|table|table
1589599350|table|table
1589599360|table|table
1589599367|table|calculator
1589599368|calculator|table
1589599372|table|table
1589599402|table|table
1589599424|table|table
1589599442|table|table
1589599532|table|calculator
1589599550|calculator|table
1589599551|table|calculator
1589599752|calculator|calculator
1589600233|calculator|calculator
1589600248|calculator|calculator
1589600259|calculator|calculator
1589600264|calculator|calculator
1589600274|calculator|calculator
1589600278|calculator|calculator
1589600422|calculator|table
1589600960|table|calculator
1589600963|calculator|home
1589601024|home|table
1589601026|table|oop
1589601028|oop|calculator
1589601029|calculator|usernotes
1589601030|usernotes|log
1589601033|log|info
1589601035|info|log
1589601035|log|usernotes
1589601037|usernotes|calculator
1589601038|calculator|log
1589601111|log|calculator
1589601112|calculator|usernotes
1589601113|usernotes|calculator
1589601154|home|table
1589601155|table|oop
1589601188|oop|article
1589601189|article|oop
1589601190|oop|table
1589601191|table|log
1589603477|calculator|home
1589603478|calculator|home
1589603479|calculator|home
1589604174|home|home
1589604192|home|home
1589604200|home|home
1589604795|home|home
1589604890|home|home
1589606398|table|log
1589686901|info|usernotes
1589686918|usernotes|usernotes
1589686919|usernotes|usernotes
1589687800||index
1589687933||index
1589688222||article
1589688223|article|table
1589688229|table|calculator
1589688232|calculator|table
1589688416|usernotes|calculator
1589688419|calculator|table
1589700105|table|home
1589700119|table|home
1589700135|table|home
1589709591||index
1589709630||index
1589709695||index
1589713101||article
1589713102|article|home
1589721159|article|home
